[0m15:34:02.069231 [debug] [MainThread]: Sending event: {'category': 'dbt', 'action': 'invocation', 'label': 'start', 'context': [<snowplow_tracker.self_describing_json.SelfDescribingJson object at 0x108f65280>, <snowplow_tracker.self_describing_json.SelfDescribingJson object at 0x109e18710>, <snowplow_tracker.self_describing_json.SelfDescribingJson object at 0x109e183b0>]}


============================== 15:34:02.072247 | a3ca1e43-41a1-49f6-a793-e21d0ec84d12 ==============================
[0m15:34:02.072247 [info ] [MainThread]: Running with dbt=1.11.4
[0m15:34:02.072559 [debug] [MainThread]: running dbt with arguments {'static_parser': 'True', 'write_json': 'True', 'profiles_dir': '/Users/chromazone/.dbt', 'invocation_command': 'dbt init', 'use_experimental_parser': 'False', 'log_path': 'logs', 'debug': 'False', 'cache_selected_only': 'False', 'no_print': 'None', 'warn_error': 'None', 'empty': 'None', 'use_colors': 'True', 'version_check': 'True', 'log_format': 'default', 'fail_fast': 'False', 'indirect_selection': 'eager', 'warn_error_options': 'WarnErrorOptionsV2(error=[], warn=[], silence=[])', 'printer_width': '80', 'quiet': 'False', 'target_path': 'None', 'partial_parse': 'True', 'log_cache_events': 'False', 'introspect': 'True', 'send_anonymous_usage_stats': 'True'}
[0m15:35:15.304873 [debug] [MainThread]: Starter project path: /Users/chromazone/Documents/Python/Data Enginering Zoomcamp/04-analytics-engineering/.venv/lib/python3.12/site-packages/dbt/include/starter_project
[0m15:35:15.313469 [info ] [MainThread]: 
Your new dbt project "taxi_rides_ny" was created!

For more information on how to configure the profiles.yml file,
please consult the dbt documentation here:

  https://docs.getdbt.com/docs/configure-your-profile

One more thing:

Need help? Don't hesitate to reach out to us via GitHub issues or on Slack:

  https://community.getdbt.com/

Happy modeling!

[0m15:35:15.313890 [info ] [MainThread]: Setting up your profile.
[0m15:35:20.773989 [debug] [MainThread]: Resource report: {"command_name": "init", "command_success": true, "command_wall_clock_time": 78.73806, "process_in_blocks": "0", "process_kernel_time": 0.140606, "process_mem_max_rss": "123256832", "process_out_blocks": "0", "process_user_time": 0.647236}
[0m15:35:20.774339 [debug] [MainThread]: Command `dbt init` succeeded at 15:35:20.774279 after 78.74 seconds
[0m15:35:20.774555 [debug] [MainThread]: Sending event: {'category': 'dbt', 'action': 'invocation', 'label': 'end', 'context': [<snowplow_tracker.self_describing_json.SelfDescribingJson object at 0x109eae150>, <snowplow_tracker.self_describing_json.SelfDescribingJson object at 0x10a9012e0>, <snowplow_tracker.self_describing_json.SelfDescribingJson object at 0x109e86090>]}
[0m15:35:20.774774 [debug] [MainThread]: Flushing usage events
[0m15:35:21.274736 [debug] [MainThread]: An error was encountered while trying to flush usage events
[0m10:45:19.499371 [debug] [MainThread]: Sending event: {'category': 'dbt', 'action': 'invocation', 'label': 'start', 'context': [<snowplow_tracker.self_describing_json.SelfDescribingJson object at 0x103dca330>, <snowplow_tracker.self_describing_json.SelfDescribingJson object at 0x112318ce0>, <snowplow_tracker.self_describing_json.SelfDescribingJson object at 0x112318950>]}


============================== 10:45:19.502502 | 690fbe37-1173-4f70-8605-a9a0204a81bd ==============================
[0m10:45:19.502502 [info ] [MainThread]: Running with dbt=1.11.4
[0m10:45:19.502824 [debug] [MainThread]: running dbt with arguments {'no_print': 'None', 'log_path': 'logs', 'version_check': 'True', 'write_json': 'True', 'send_anonymous_usage_stats': 'True', 'quiet': 'False', 'use_colors': 'True', 'introspect': 'True', 'invocation_command': 'dbt seed --target prod', 'log_cache_events': 'False', 'partial_parse': 'True', 'use_experimental_parser': 'False', 'debug': 'False', 'profiles_dir': '/Users/chromazone/.dbt', 'cache_selected_only': 'False', 'static_parser': 'True', 'warn_error': 'None', 'empty': 'None', 'printer_width': '80', 'target_path': 'None', 'log_format': 'default', 'indirect_selection': 'eager', 'fail_fast': 'False', 'warn_error_options': 'WarnErrorOptionsV2(error=[], warn=[], silence=[])'}
[0m10:45:19.503154 [error] [MainThread]: Encountered an error:
Runtime Error
  No dbt_project.yml found at expected path /Users/chromazone/Documents/Python/Data Enginering Zoomcamp/04-analytics-engineering/dbt_project.yml
  Verify that each entry within packages.yml (and their transitive dependencies) contains a file named dbt_project.yml
  
[0m10:45:19.503852 [debug] [MainThread]: Resource report: {"command_name": "seed", "command_success": false, "command_wall_clock_time": 0.036639918, "process_in_blocks": "0", "process_kernel_time": 0.079139, "process_mem_max_rss": "108773376", "process_out_blocks": "0", "process_user_time": 0.618921}
[0m10:45:19.504112 [debug] [MainThread]: Command `dbt seed` failed at 10:45:19.504063 after 0.04 seconds
[0m10:45:19.504286 [debug] [MainThread]: Sending event: {'category': 'dbt', 'action': 'invocation', 'label': 'end', 'context': [<snowplow_tracker.self_describing_json.SelfDescribingJson object at 0x112318c80>, <snowplow_tracker.self_describing_json.SelfDescribingJson object at 0x11231a330>, <snowplow_tracker.self_describing_json.SelfDescribingJson object at 0x11231a210>]}
[0m10:45:19.504448 [debug] [MainThread]: Flushing usage events
[0m10:45:19.986206 [debug] [MainThread]: An error was encountered while trying to flush usage events
